2017-08-03 17:43:52 - Starting MsStarterApplication on vinicius-desktop with PID 21618 (/home/vinicius/desenv/workspace/sandbox/ms-starter/build/classes/main started by vinicius in /home/vinicius/desenv/workspace/sandbox/ms-starter)
2017-08-03 17:43:52 - Running with Spring Boot v1.5.3.RELEASE, Spring v4.3.8.RELEASE
2017-08-03 17:43:52 - No active profile set, falling back to default profiles: default
2017-08-03 17:43:56 - Started MsStarterApplication in 4.557 seconds (JVM running for 4.962)
2017-08-03 17:46:17 - Starting MsStarterApplication on vinicius-desktop with PID 22007 (/home/vinicius/desenv/workspace/sandbox/ms-starter/build/classes/main started by vinicius in /home/vinicius/desenv/workspace/sandbox/ms-starter)
2017-08-03 17:46:17 - Running with Spring Boot v1.5.3.RELEASE, Spring v4.3.8.RELEASE
2017-08-03 17:46:17 - No active profile set, falling back to default profiles: default
2017-08-03 17:46:22 - Started MsStarterApplication in 4.36 seconds (JVM running for 4.771)
2017-08-03 17:56:04 - Starting MsStarterApplication on vinicius-desktop with PID 22615 (/home/vinicius/desenv/workspace/sandbox/ms-starter/build/classes/main started by vinicius in /home/vinicius/desenv/workspace/sandbox/ms-starter)
2017-08-03 17:56:04 - Running with Spring Boot v1.5.3.RELEASE, Spring v4.3.8.RELEASE
2017-08-03 17:56:04 - No active profile set, falling back to default profiles: default
2017-08-03 17:56:08 - Started MsStarterApplication in 4.415 seconds (JVM running for 4.862)
2017-08-03 17:57:42 - Starting MsStarterApplication on vinicius-desktop with PID 22900 (/home/vinicius/desenv/workspace/sandbox/ms-starter/build/classes/main started by vinicius in /home/vinicius/desenv/workspace/sandbox/ms-starter)
2017-08-03 17:57:42 - Running with Spring Boot v1.5.3.RELEASE, Spring v4.3.8.RELEASE
2017-08-03 17:57:42 - No active profile set, falling back to default profiles: default
2017-08-03 17:57:46 - Started MsStarterApplication in 4.496 seconds (JVM running for 4.892)
2017-08-03 18:02:35 - Starting MsStarterApplication on vinicius-desktop with PID 23512 (/home/vinicius/desenv/workspace/sandbox/ms-starter/build/classes/main started by vinicius in /home/vinicius/desenv/workspace/sandbox/ms-starter)
2017-08-03 18:02:35 - Running with Spring Boot v1.5.3.RELEASE, Spring v4.3.8.RELEASE
2017-08-03 18:02:35 - No active profile set, falling back to default profiles: default
2017-08-03 18:02:39 - Started MsStarterApplication in 4.469 seconds (JVM running for 4.86)
2017-08-03 18:02:53 - Starting MsStarterApplication on vinicius-desktop with PID 23666 (/home/vinicius/desenv/workspace/sandbox/ms-starter/build/classes/main started by vinicius in /home/vinicius/desenv/workspace/sandbox/ms-starter)
2017-08-03 18:02:53 - Running with Spring Boot v1.5.3.RELEASE, Spring v4.3.8.RELEASE
2017-08-03 18:02:53 - No active profile set, falling back to default profiles: default
2017-08-03 18:02:58 - Started MsStarterApplication in 5.504 seconds (JVM running for 5.961)
2017-08-03 18:04:07 - Starting MsStarterApplication on vinicius-desktop with PID 23894 (/home/vinicius/desenv/workspace/sandbox/ms-starter/build/classes/main started by vinicius in /home/vinicius/desenv/workspace/sandbox/ms-starter)
2017-08-03 18:04:07 - Running with Spring Boot v1.5.3.RELEASE, Spring v4.3.8.RELEASE
2017-08-03 18:04:07 - No active profile set, falling back to default profiles: default
2017-08-03 18:04:11 - Started MsStarterApplication in 4.679 seconds (JVM running for 5.113)
2017-08-03 18:11:16 - Starting Teste on vinicius-desktop with PID 24240 (started by vinicius in /home/vinicius/desenv/workspace/sandbox/ms-starter)
2017-08-03 18:11:16 - Running with Spring Boot v1.5.3.RELEASE, Spring v4.3.8.RELEASE
2017-08-03 18:11:16 - No active profile set, falling back to default profiles: default
2017-08-03 18:11:21 - Started Teste in 4.304 seconds (JVM running for 5.364)
2017-08-03 18:15:01 - Starting MsStarterApplication on vinicius-desktop with PID 24480 (/home/vinicius/desenv/workspace/sandbox/ms-starter/build/classes/main started by vinicius in /home/vinicius/desenv/workspace/sandbox/ms-starter)
2017-08-03 18:15:01 - Running with Spring Boot v1.5.3.RELEASE, Spring v4.3.8.RELEASE
2017-08-03 18:15:01 - No active profile set, falling back to default profiles: default
2017-08-03 18:15:05 - Started MsStarterApplication in 4.36 seconds (JVM running for 4.767)
2017-08-03 18:18:31 - Starting Teste on vinicius-desktop with PID 24672 (started by vinicius in /home/vinicius/desenv/workspace/sandbox/ms-starter)
2017-08-03 18:18:31 - Running with Spring Boot v1.5.3.RELEASE, Spring v4.3.8.RELEASE
2017-08-03 18:18:31 - No active profile set, falling back to default profiles: default
2017-08-03 18:18:35 - Started Teste in 4.338 seconds (JVM running for 4.88)
2017-08-03 18:19:01 - Starting Teste on vinicius-desktop with PID 24778 (started by vinicius in /home/vinicius/desenv/workspace/sandbox/ms-starter)
2017-08-03 18:19:01 - Running with Spring Boot v1.5.3.RELEASE, Spring v4.3.8.RELEASE
2017-08-03 18:19:01 - No active profile set, falling back to default profiles: default
2017-08-03 18:19:05 - Started Teste in 4.402 seconds (JVM running for 4.996)
2017-08-03 18:21:49 - Starting MsStarterApplication on vinicius-desktop with PID 25014 (/home/vinicius/desenv/workspace/sandbox/ms-starter/build/classes/main started by vinicius in /home/vinicius/desenv/workspace/sandbox/ms-starter)
2017-08-03 18:21:49 - Running with Spring Boot v1.5.3.RELEASE, Spring v4.3.8.RELEASE
2017-08-03 18:21:49 - No active profile set, falling back to default profiles: default
2017-08-03 18:21:54 - Started MsStarterApplication in 4.622 seconds (JVM running for 5.017)
